c:\users\erick\onedrive\documentos\github\motoresgraficos\tutorial07\intermediate\tutorial07\x64\debug\ctime.obj
c:\users\erick\onedrive\documentos\github\motoresgraficos\tutorial07\intermediate\tutorial07\x64\debug\tutorial07.obj
c:\users\erick\onedrive\documentos\github\motoresgraficos\tutorial07\intermediate\tutorial07\x64\debug\vc143.pdb
c:\users\erick\onedrive\documentos\github\motoresgraficos\tutorial07\intermediate\tutorial07\x64\debug\device.obj
c:\users\erick\onedrive\documentos\github\motoresgraficos\tutorial07\intermediate\tutorial07\x64\debug\window.obj
c:\users\erick\onedrive\documentos\github\motoresgraficos\tutorial07\intermediate\tutorial07\x64\debug\texture.obj
c:\users\erick\onedrive\documentos\github\motoresgraficos\tutorial07\intermediate\tutorial07\x64\debug\devicecontext.obj
c:\users\erick\onedrive\documentos\github\motoresgraficos\tutorial07\intermediate\tutorial07\x64\debug\depthstencilview.obj
c:\users\erick\onedrive\documentos\github\motoresgraficos\tutorial07\intermediate\tutorial07\x64\debug\inputlayout.obj
c:\users\erick\onedrive\documentos\github\motoresgraficos\tutorial07\intermediate\tutorial07\x64\debug\tutorial07_d.ilk
c:\users\erick\onedrive\documentos\github\motoresgraficos\tutorial07\bin\x64\tutorial07_d.exe
c:\users\erick\onedrive\documentos\github\motoresgraficos\tutorial07\bin\x64\tutorial07_d.pdb
c:\users\erick\onedrive\documentos\github\motoresgraficos\tutorial07\intermediate\tutorial07\x64\debug\tutorial07.res
c:\users\erick\onedrive\documentos\github\motoresgraficos\tutorial07\intermediate\tutorial07\x64\debug\vc142.idb
c:\users\erick\onedrive\documentos\github\motoresgraficos\tutorial07\intermediate\tutorial07\x64\debug\vc143.idb
c:\users\erick\onedrive\documentos\github\motoresgraficos\tutorial07\intermediate\tutorial07\x64\debug\vc142.pdb
c:\users\erick\onedrive\documentos\github\motoresgraficos\tutorial07\bin/x64/tutorial07_d.pdb
c:\users\erick\onedrive\documentos\github\motoresgraficos\tutorial07\intermediate/tutorial07/x64/debug/tutorial07_2010.vcxproj.filelistabsolute.txt
c:\users\erick\onedrive\documentos\github\motoresgraficos\tutorial07\intermediate\tutorial07\x64\debug\tutorial07.tlog\cl.command.1.tlog
c:\users\erick\onedrive\documentos\github\motoresgraficos\tutorial07\intermediate\tutorial07\x64\debug\tutorial07.tlog\cl.read.1.tlog
c:\users\erick\onedrive\documentos\github\motoresgraficos\tutorial07\intermediate\tutorial07\x64\debug\tutorial07.tlog\cl.write.1.tlog
c:\users\erick\onedrive\documentos\github\motoresgraficos\tutorial07\intermediate\tutorial07\x64\debug\tutorial07.tlog\link-cvtres.read.1.tlog
c:\users\erick\onedrive\documentos\github\motoresgraficos\tutorial07\intermediate\tutorial07\x64\debug\tutorial07.tlog\link-cvtres.write.1.tlog
c:\users\erick\onedrive\documentos\github\motoresgraficos\tutorial07\intermediate\tutorial07\x64\debug\tutorial07.tlog\link-mt.read.1.tlog
c:\users\erick\onedrive\documentos\github\motoresgraficos\tutorial07\intermediate\tutorial07\x64\debug\tutorial07.tlog\link-mt.write.1.tlog
c:\users\erick\onedrive\documentos\github\motoresgraficos\tutorial07\intermediate\tutorial07\x64\debug\tutorial07.tlog\link-rc.read.1.tlog
c:\users\erick\onedrive\documentos\github\motoresgraficos\tutorial07\intermediate\tutorial07\x64\debug\tutorial07.tlog\link-rc.write.1.tlog
c:\users\erick\onedrive\documentos\github\motoresgraficos\tutorial07\intermediate\tutorial07\x64\debug\tutorial07.tlog\link.17060-cvtres.read.1.tlog
c:\users\erick\onedrive\documentos\github\motoresgraficos\tutorial07\intermediate\tutorial07\x64\debug\tutorial07.tlog\link.17060-cvtres.write.1.tlog
c:\users\erick\onedrive\documentos\github\motoresgraficos\tutorial07\intermediate\tutorial07\x64\debug\tutorial07.tlog\link.17060-mt.read.1.tlog
c:\users\erick\onedrive\documentos\github\motoresgraficos\tutorial07\intermediate\tutorial07\x64\debug\tutorial07.tlog\link.17060-mt.write.1.tlog
c:\users\erick\onedrive\documentos\github\motoresgraficos\tutorial07\intermediate\tutorial07\x64\debug\tutorial07.tlog\link.17060-rc.read.1.tlog
c:\users\erick\onedrive\documentos\github\motoresgraficos\tutorial07\intermediate\tutorial07\x64\debug\tutorial07.tlog\link.17060-rc.write.1.tlog
c:\users\erick\onedrive\documentos\github\motoresgraficos\tutorial07\intermediate\tutorial07\x64\debug\tutorial07.tlog\link.17060.read.1.tlog
c:\users\erick\onedrive\documentos\github\motoresgraficos\tutorial07\intermediate\tutorial07\x64\debug\tutorial07.tlog\link.17060.read.2.tlog
c:\users\erick\onedrive\documentos\github\motoresgraficos\tutorial07\intermediate\tutorial07\x64\debug\tutorial07.tlog\link.17060.write.1.tlog
c:\users\erick\onedrive\documentos\github\motoresgraficos\tutorial07\intermediate\tutorial07\x64\debug\tutorial07.tlog\link.command.1.tlog
c:\users\erick\onedrive\documentos\github\motoresgraficos\tutorial07\intermediate\tutorial07\x64\debug\tutorial07.tlog\link.read.1.tlog
c:\users\erick\onedrive\documentos\github\motoresgraficos\tutorial07\intermediate\tutorial07\x64\debug\tutorial07.tlog\link.read.2.tlog
c:\users\erick\onedrive\documentos\github\motoresgraficos\tutorial07\intermediate\tutorial07\x64\debug\tutorial07.tlog\link.write.1.tlog
c:\users\erick\onedrive\documentos\github\motoresgraficos\tutorial07\intermediate\tutorial07\x64\debug\tutorial07.tlog\rc.command.1.tlog
c:\users\erick\onedrive\documentos\github\motoresgraficos\tutorial07\intermediate\tutorial07\x64\debug\tutorial07.tlog\rc.read.1.tlog
c:\users\erick\onedrive\documentos\github\motoresgraficos\tutorial07\intermediate\tutorial07\x64\debug\tutorial07.tlog\rc.write.1.tlog
